<?xml version="1.0"?>
<testsuite name="Chrome 55.0.2883 (Windows 10 0.0.0)" package="" timestamp="2017-01-27T12:37:17" id="0" hostname="HI94866" tests="0" errors="1" failures="0" time="0">
  <properties>
    <property name="browser.fullName" value="Mozilla/5.0 (Windows NT 10.0; WOW64) AppleWebKit/537.36 (KHTML, like Gecko) Chrome/55.0.2883.87 Safari/537.36"/>
  </properties>
  <system-out>
    <![CDATA[Chrome 55.0.2883 (Windows 10 0.0.0) ERROR
  Uncaught ReferenceError: require is not defined
  at src/backend/url.builder_test.js:1

]]>
  </system-out>
  <system-err/>
</testsuite>